<?xml version="1.0" encoding="UTF-8"?>
<!-- Generated by org.testng.reporters.JUnitReportReporter -->
<testsuite hostname="DESKTOP-JN45AET" failures="0" tests="1" name="userlogins.AdminLogin" time="21.144" errors="0" timestamp="2023-11-28T19:08:40 IST" skipped="0">
  <testcase classname="userlogins.AdminLogin" name="loginadmin" time="21.144"/>
  <system-out/>
</testsuite> <!-- userlogins.AdminLogin -->
