<?xml version="1.0" encoding="UTF-8"?>
<!-- Generated by org.testng.reporters.JUnitReportReporter -->
<testsuite hostname="DESKTOP-JN45AET" failures="0" tests="1" name="testScripts.CPuserRegistration" time="71.297" errors="0" timestamp="2024-02-01T13:40:33 IST" skipped="0">
  <testcase classname="testScripts.CPuserRegistration" name="cpOnboardingwithNew" time="71.297"/>
</testsuite> <!-- testScripts.CPuserRegistration -->
