<?xml version="1.0" encoding="UTF-8"?>
<!-- Generated by org.testng.reporters.JUnitReportReporter -->
<testsuite hostname="DESKTOP-JN45AET" failures="0" tests="1" name="testScripts.FiltersonBrokeragePage" time="20.216" errors="0" timestamp="2024-01-30T09:35:35 IST" skipped="0">
  <testcase classname="testScripts.FiltersonBrokeragePage" name="TC01" time="20.216"/>
</testsuite> <!-- testScripts.FiltersonBrokeragePage -->
