<?xml version="1.0" encoding="UTF-8"?>
<!-- Generated by org.testng.reporters.JUnitReportReporter -->
<testsuite hostname="DESKTOP-I4G83GU" failures="0" tests="1" name="dsmActions.BookingActions" time="19.449" errors="0" timestamp="2024-10-22T12:20:39 IST" skipped="0">
  <testcase classname="dsmActions.BookingActions" name="bookingDsmActions" time="19.449"/>
  <system-out/>
</testsuite> <!-- dsmActions.BookingActions -->
