<?xml version="1.0" encoding="UTF-8"?>
<!-- Generated by org.testng.reporters.JUnitReportReporter -->
<testsuite hostname="DESKTOP-I4G83GU" failures="0" tests="1" name="addNewProject.AddNewProject" time="52.551" errors="0" timestamp="2024-10-22T12:20:39 IST" skipped="0">
  <testcase classname="addNewProject.AddNewProject" name="addProject" time="52.551"/>
  <system-out/>
</testsuite> <!-- addNewProject.AddNewProject -->
