<?xml version="1.0" encoding="UTF-8"?>
<!-- Generated by org.testng.reporters.JUnitReportReporter -->
<testsuite hostname="DESKTOP-JN45AET" failures="0" tests="1" name="testScripts.UserLogin" time="12.724" errors="0" timestamp="2024-02-02T10:22:41 IST" skipped="0">
  <testcase classname="testScripts.UserLogin" name="logIn" time="12.724"/>
</testsuite> <!-- testScripts.UserLogin -->
