<?xml version="1.0" encoding="UTF-8"?>
<!-- Generated by org.testng.reporters.JUnitReportReporter -->
<testsuite hostname="DESKTOP-I4G83GU" failures="0" tests="1" name="addInternalUser.AddUsers" time="36.793" errors="0" timestamp="2024-10-22T12:20:39 IST" skipped="0">
  <testcase classname="addInternalUser.AddUsers" name="addUsers" time="36.793"/>
  <system-out/>
</testsuite> <!-- addInternalUser.AddUsers -->
