<?xml version="1.0" encoding="UTF-8"?>
<!-- Generated by org.testng.reporters.JUnitReportReporter -->
<testsuite hostname="DESKTOP-I4G83GU" failures="0" tests="1" name="rechargeWallet.EditIncentives" time="89.445" errors="0" timestamp="2024-10-22T14:49:40 IST" skipped="0">
  <testcase classname="rechargeWallet.EditIncentives" name="TC03" time="89.445"/>
  <system-out/>
</testsuite> <!-- rechargeWallet.EditIncentives -->
