<?xml version="1.0" encoding="UTF-8"?>
<!-- Generated by org.testng.reporters.JUnitReportReporter -->
<testsuite hostname="DESKTOP-JN45AET" failures="0" tests="2" name="testScripts.DsmActions" time="56.448" errors="0" timestamp="2024-01-30T17:21:58 IST" skipped="0">
  <testcase classname="testScripts.DsmActions" name="bookingActions" time="37.716"/>
  <testcase classname="testScripts.DsmActions" name="walkinActions" time="18.732"/>
</testsuite> <!-- testScripts.DsmActions -->
