<?xml version="1.0" encoding="UTF-8"?>
<!-- Generated by org.testng.reporters.JUnitReportReporter -->
<testsuite hostname="DESKTOP-JN45AET" failures="0" tests="1" name="userApprovalsinCompany.ApprovalofPartnerCompany" time="17.891" errors="0" timestamp="2024-02-05T14:04:27 IST" skipped="0">
  <testcase classname="userApprovalsinCompany.ApprovalofPartnerCompany" name="approveCompany" time="17.891"/>
</testsuite> <!-- userApprovalsinCompany.ApprovalofPartnerCompany -->
