<?xml version="1.0" encoding="UTF-8"?>
<!-- Generated by org.testng.reporters.JUnitReportReporter -->
<testsuite hostname="DESKTOP-JN45AET" failures="0" tests="1" name="basicCPFlow.AddWalkIn" time="38.925" errors="0" timestamp="2024-02-09T10:50:10 IST" skipped="0">
  <testcase classname="basicCPFlow.AddWalkIn" name="addWalkIn" time="38.925"/>
</testsuite> <!-- basicCPFlow.AddWalkIn -->
