<?xml version="1.0" encoding="UTF-8"?>
<!-- Generated by org.testng.reporters.JUnitReportReporter -->
<testsuite hostname="DESKTOP-I4G83GU" failures="0" tests="1" name="checkingFilters.FiltersonBrokeragePage" time="59.264" errors="0" timestamp="2024-10-22T14:49:40 IST" skipped="0">
  <testcase classname="checkingFilters.FiltersonBrokeragePage" name="TC01" time="59.264"/>
  <system-out/>
</testsuite> <!-- checkingFilters.FiltersonBrokeragePage -->
