<?xml version="1.0" encoding="UTF-8"?>
<!-- Generated by org.testng.reporters.JUnitReportReporter -->
<testsuite hostname="DESKTOP-JN45AET" failures="0" tests="1" name="checkingFilters.FiltersonBookingPage" time="45.643" errors="0" timestamp="2024-02-09T16:13:51 IST" skipped="0">
  <testcase classname="checkingFilters.FiltersonBookingPage" name="TC01" time="45.643"/>
</testsuite> <!-- checkingFilters.FiltersonBookingPage -->
