<?xml version="1.0" encoding="UTF-8"?>
<!-- Generated by org.testng.reporters.JUnitReportReporter -->
<testsuite hostname="DESKTOP-JN45AET" failures="0" tests="1" name="userLogIn.UserLogin" time="16.681" errors="0" timestamp="2024-02-05T18:35:42 IST" skipped="0">
  <testcase classname="userLogIn.UserLogin" name="logIn" time="16.681"/>
</testsuite> <!-- userLogIn.UserLogin -->
