<?xml version="1.0" encoding="UTF-8"?>
<!-- Generated by org.testng.reporters.JUnitReportReporter -->
<testsuite hostname="DESKTOP-JN45AET" failures="0" tests="1" name="testScripts.UserLogin" time="25.993" errors="0" timestamp="2024-01-30T17:21:58 IST" skipped="0">
  <testcase classname="testScripts.UserLogin" name="logIn" time="25.993"/>
</testsuite> <!-- testScripts.UserLogin -->
