<?xml version="1.0" encoding="UTF-8"?>
<!-- Generated by org.testng.reporters.JUnitReportReporter -->
<testsuite hostname="DESKTOP-JN45AET" failures="0" tests="1" name="test01.cplogin" time="36.149" errors="0" timestamp="2023-11-24T09:35:21 IST" skipped="0">
  <testcase classname="test01.cplogin" name="l1" time="36.149"/>
  <system-out/>
</testsuite> <!-- test01.cplogin -->
