<?xml version="1.0" encoding="UTF-8"?>
<!-- Generated by org.testng.reporters.JUnitReportReporter -->
<testsuite hostname="DESKTOP-I4G83GU" failures="0" tests="3" name="checkingFilters.FiltersonProjectPage" time="264.672" errors="0" timestamp="2024-10-22T14:49:40 IST" skipped="0">
  <testcase classname="checkingFilters.FiltersonProjectPage" name="checkPossessionDate" time="83.703"/>
  <system-out/>
  <testcase classname="checkingFilters.FiltersonProjectPage" name="checkFilters" time="93.669"/>
  <system-out/>
  <testcase classname="checkingFilters.FiltersonProjectPage" name="checkInactiveProjects" time="87.300"/>
  <system-out/>
</testsuite> <!-- checkingFilters.FiltersonProjectPage -->
