<?xml version="1.0" encoding="UTF-8"?>
<!-- Generated by org.testng.reporters.JUnitReportReporter -->
<<<<<<< HEAD
<testsuite hostname="DESKTOP-I4G83GU" failures="0" tests="1" name="addNewProject.AddNewProject" time="46.288" errors="0" timestamp="2024-10-22T14:49:40 IST" skipped="0">
  <testcase classname="addNewProject.AddNewProject" name="addProject" time="46.288"/>
  <system-out/>
=======
<testsuite hostname="DESKTOP-JN45AET" failures="0" tests="1" name="addNewProject.AddNewProject" time="44.600" errors="0" timestamp="2024-02-09T16:13:51 IST" skipped="0">
  <testcase classname="addNewProject.AddNewProject" name="addProject" time="44.600"/>
>>>>>>> fbf0784c9d624aba152f25b979385bd39ebb29c6
</testsuite> <!-- addNewProject.AddNewProject -->
