<?xml version="1.0" encoding="UTF-8"?>
<!-- Generated by org.testng.reporters.JUnitReportReporter -->
<testsuite hostname="DESKTOP-JN45AET" failures="0" tests="1" name="test01.Test01" time="7.306" errors="0" timestamp="2023-12-22T12:51:18 IST" skipped="0">
  <testcase classname="test01.Test01" name="m1" time="7.306"/>
  <system-out/>
</testsuite> <!-- test01.Test01 -->
