<?xml version="1.0" encoding="UTF-8"?>
<!-- Generated by org.testng.reporters.JUnitReportReporter -->
<testsuite hostname="DESKTOP-JN45AET" failures="0" tests="1" name="testScripts.FiltersonBookingPage" time="29.973" errors="0" timestamp="2024-01-30T09:35:35 IST" skipped="0">
  <testcase classname="testScripts.FiltersonBookingPage" name="TC01" time="29.973"/>
</testsuite> <!-- testScripts.FiltersonBookingPage -->
