<?xml version="1.0" encoding="UTF-8"?>
<!-- Generated by org.testng.reporters.JUnitReportReporter -->
<<<<<<< HEAD
<testsuite hostname="DESKTOP-I4G83GU" failures="0" tests="1" name="addInternalUser.AddUsers" time="38.951" errors="0" timestamp="2024-10-22T14:49:40 IST" skipped="0">
  <testcase classname="addInternalUser.AddUsers" name="addUsers" time="38.951"/>
  <system-out/>
=======
<testsuite hostname="DESKTOP-JN45AET" failures="0" tests="1" name="addInternalUser.AddUsers" time="29.152" errors="0" timestamp="2024-02-09T16:13:51 IST" skipped="0">
  <testcase classname="addInternalUser.AddUsers" name="addUsers" time="29.152"/>
>>>>>>> fbf0784c9d624aba152f25b979385bd39ebb29c6
</testsuite> <!-- addInternalUser.AddUsers -->
