<?xml version="1.0" encoding="UTF-8"?>
<!-- Generated by org.testng.reporters.JUnitReportReporter -->
<testsuite hostname="DESKTOP-JN45AET" failures="0" tests="2" name="testScripts.DsmActions" time="27.012" errors="0" timestamp="2024-01-30T09:35:35 IST" skipped="0">
  <testcase classname="testScripts.DsmActions" name="bookingActions" time="13.862"/>
  <testcase classname="testScripts.DsmActions" name="walkinActions" time="13.150"/>
</testsuite> <!-- testScripts.DsmActions -->
