<?xml version="1.0" encoding="UTF-8"?>
<!-- Generated by org.testng.reporters.JUnitReportReporter -->
<testsuite hostname="DESKTOP-JN45AET" failures="0" tests="1" name="cpUserRegistration.CPuserRegistrationwithNewCompany" time="189.302" errors="0" timestamp="2024-02-09T16:13:51 IST" skipped="0">
  <testcase classname="cpUserRegistration.CPuserRegistrationwithNewCompany" name="cpOnboardingwithNew" time="189.302"/>
</testsuite> <!-- cpUserRegistration.CPuserRegistrationwithNewCompany -->
