<?xml version="1.0" encoding="UTF-8"?>
<!-- Generated by org.testng.reporters.JUnitReportReporter -->
<testsuite hostname="DESKTOP-I4G83GU" failures="0" tests="1" name="addInternalUser.AddUsers" time="38.951" errors="0" timestamp="2024-10-22T14:49:40 IST" skipped="0">
  <testcase classname="addInternalUser.AddUsers" name="addUsers" time="38.951"/>
  <system-out/>
</testsuite> <!-- addInternalUser.AddUsers -->
