<?xml version="1.0" encoding="UTF-8"?>
<!-- Generated by org.testng.reporters.JUnitReportReporter -->
<testsuite hostname="DESKTOP-JN45AET" failures="0" tests="2" name="testScripts.CPuserRegistration2_Delete" time="76.581" errors="0" timestamp="2024-01-30T09:35:35 IST" skipped="0">
  <testcase classname="testScripts.CPuserRegistration2_Delete" name="cpOnboardingwithExisting" time="24.700"/>
  <testcase classname="testScripts.CPuserRegistration2_Delete" name="cpOnboardingwithNew2" time="51.881"/>
</testsuite> <!-- testScripts.CPuserRegistration2_Delete -->
