<?xml version="1.0" encoding="UTF-8"?>
<!-- Generated by org.testng.reporters.JUnitReportReporter -->
<testsuite hostname="DESKTOP-I4G83GU" failures="0" tests="1" name="addNewProject.AddNewProject" time="46.288" errors="0" timestamp="2024-10-22T14:49:40 IST" skipped="0">
  <testcase classname="addNewProject.AddNewProject" name="addProject" time="46.288"/>
  <system-out/>
</testsuite> <!-- addNewProject.AddNewProject -->
