<?xml version="1.0" encoding="UTF-8"?>
<!-- Generated by org.testng.reporters.JUnitReportReporter -->
<testsuite hostname="DESKTOP-I4G83GU" failures="0" tests="1" name="userLogIn.UserLogin" time="77.389" errors="0" timestamp="2024-10-22T14:49:40 IST" skipped="0">
  <testcase classname="userLogIn.UserLogin" name="logIn" time="77.389"/>
  <system-out/>
</testsuite> <!-- userLogIn.UserLogin -->
