<?xml version="1.0" encoding="UTF-8"?>
<!-- Generated by org.testng.reporters.JUnitReportReporter -->
<testsuite hostname="DESKTOP-JN45AET" failures="0" tests="1" name="userLogIn.UserLogin" time="164.026" errors="0" timestamp="2024-02-09T16:13:51 IST" skipped="0">
  <testcase classname="userLogIn.UserLogin" name="logIn" time="164.026"/>
</testsuite> <!-- userLogIn.UserLogin -->
