<?xml version="1.0" encoding="UTF-8"?>
<!-- Generated by org.testng.reporters.JUnitReportReporter -->
<testsuite hostname="DESKTOP-JN45AET" failures="0" tests="1" name="testScripts.CPuserRegistration" time="28.204" errors="0" timestamp="2024-02-02T09:24:24 IST" skipped="0">
  <testcase classname="testScripts.CPuserRegistration" name="cpOnboardingwithExisting" time="28.204"/>
</testsuite> <!-- testScripts.CPuserRegistration -->
