<?xml version="1.0" encoding="UTF-8"?>
<!-- Generated by org.testng.reporters.JUnitReportReporter -->
<testsuite hostname="DESKTOP-JN45AET" failures="0" tests="2" name="cpUserRegistration.CpOnboardingwithExisting" time="245.198" errors="0" timestamp="2024-02-09T16:13:51 IST" skipped="1">
  <testcase classname="cpUserRegistration.CpOnboardingwithExisting" name="cpOnboardingwithExisting" time="214.368">
    <skipped/>
  </testcase> <!-- cpOnboardingwithExisting -->
  <testcase classname="cpUserRegistration.CpOnboardingwithExisting" name="cpOnboardingwithExisting" time="30.830"/>
</testsuite> <!-- cpUserRegistration.CpOnboardingwithExisting -->
