<?xml version="1.0" encoding="UTF-8"?>
<!-- Generated by org.testng.reporters.JUnitReportReporter -->
<testsuite hostname="DESKTOP-RV7PJVD" failures="0" tests="1" name="test01.LocalFileUploadClass" time="27.973" errors="0" timestamp="2024-02-01T15:43:08 IST" skipped="0">
  <testcase classname="test01.LocalFileUploadClass" name="logIn" time="27.973"/>
</testsuite> <!-- test01.LocalFileUploadClass -->
