<?xml version="1.0" encoding="UTF-8"?>
<!-- Generated by org.testng.reporters.JUnitReportReporter -->
<testsuite hostname="DESKTOP-JN45AET" failures="0" tests="1" name="testScripts.CPuserRegistration" time="27.759" errors="0" timestamp="2024-01-30T15:27:02 IST" skipped="0">
  <testcase classname="testScripts.CPuserRegistration" name="cpOnboardingwithExisting" time="27.759"/>
</testsuite> <!-- testScripts.CPuserRegistration -->
