<?xml version="1.0" encoding="UTF-8"?>
<!-- Generated by org.testng.reporters.JUnitReportReporter -->
<testsuite hostname="DESKTOP-JN45AET" failures="0" tests="1" name="testScripts.AddNewProject" time="53.415" errors="0" timestamp="2024-01-27T12:46:39 IST" skipped="0">
  <testcase classname="testScripts.AddNewProject" name="TC03" time="53.415"/>
  <system-out/>
</testsuite> <!-- testScripts.AddNewProject -->
