<?xml version="1.0" encoding="UTF-8"?>
<!-- Generated by org.testng.reporters.JUnitReportReporter -->
<testsuite hostname="DESKTOP-JN45AET" failures="0" tests="1" name="rechargeWallet.RechargeWallet" time="52.584" errors="0" timestamp="2024-02-16T10:53:27 IST" skipped="0">
  <testcase classname="rechargeWallet.RechargeWallet" name="rechargeProjectWallet" time="52.584"/>
</testsuite> <!-- rechargeWallet.RechargeWallet -->
