<?xml version="1.0" encoding="UTF-8"?>
<!-- Generated by org.testng.reporters.JUnitReportReporter -->
<testsuite hostname="DESKTOP-I4G83GU" failures="0" tests="1" name="checkingFilters.FiltersonBrokeragePage" time="31.393" errors="0" timestamp="2024-10-22T12:20:39 IST" skipped="0">
  <testcase classname="checkingFilters.FiltersonBrokeragePage" name="TC01" time="31.393"/>
  <system-out/>
</testsuite> <!-- checkingFilters.FiltersonBrokeragePage -->
