<?xml version="1.0" encoding="UTF-8"?>
<!-- Generated by org.testng.reporters.JUnitReportReporter -->
<testsuite hostname="DESKTOP-JN45AET" failures="0" tests="1" name="testScripts.FiltersonBrokeragePage" time="30.716" errors="0" timestamp="2024-01-30T17:21:59 IST" skipped="0">
  <testcase classname="testScripts.FiltersonBrokeragePage" name="TC01" time="30.716"/>
</testsuite> <!-- testScripts.FiltersonBrokeragePage -->
