<?xml version="1.0" encoding="UTF-8"?>
<!-- Generated by org.testng.reporters.JUnitReportReporter -->
<testsuite hostname="DESKTOP-I4G83GU" failures="0" tests="1" name="rechargeWallet.TransferWalletBalance" time="25.214" errors="0" timestamp="2024-10-22T12:20:39 IST" skipped="0">
  <testcase classname="rechargeWallet.TransferWalletBalance" name="TC02" time="25.214"/>
  <system-out/>
</testsuite> <!-- rechargeWallet.TransferWalletBalance -->
