<?xml version="1.0" encoding="UTF-8"?>
<!-- Generated by org.testng.reporters.JUnitReportReporter -->
<testsuite hostname="DESKTOP-JN45AET" failures="0" tests="2" name="testScripts.CPuserRegistration2_Delete" time="118.824" errors="0" timestamp="2024-01-30T17:21:58 IST" skipped="0">
  <testcase classname="testScripts.CPuserRegistration2_Delete" name="cpOnboardingwithExisting" time="58.219"/>
  <testcase classname="testScripts.CPuserRegistration2_Delete" name="cpOnboardingwithNew2" time="60.605"/>
</testsuite> <!-- testScripts.CPuserRegistration2_Delete -->
