<?xml version="1.0" encoding="UTF-8"?>
<!-- Generated by org.testng.reporters.JUnitReportReporter -->
<testsuite hostname="DESKTOP-JN45AET" failures="0" tests="1" name="cphActions.WalkinActions" time="48.799" errors="0" timestamp="2024-02-09T16:13:51 IST" skipped="0">
  <testcase classname="cphActions.WalkinActions" name="walkinActions" time="48.799"/>
</testsuite> <!-- cphActions.WalkinActions -->
